<?xml version="1.0" encoding="UTF-8"?>
<!-- Generated by org.testng.reporters.JUnitXMLReporter -->
<testsuite ignored="0" hostname="ATMECSINLT-601" failures="0" tests="6" name="Test" time="118.2" errors="0" timestamp="2020-09-30T18:33:58 IST">
  <testcase classname="com.atmecs.handling_frames.tests.HandlingFrames" name="handlingFrames" time="9.923"/>
  <testcase classname="com.atmecs.handling_frames.tests.HandlingFrames" name="handlingFrames" time="12.784"/>
  <testcase classname="com.atmecs.handling_frames.tests.HandlingFrames" name="handlingFrames" time="8.487"/>
  <testcase classname="com.atmecs.handling_frames.tests.HandlingFrames" name="handlingFrames" time="9.86"/>
  <testcase classname="com.atmecs.handling_frames.tests.HandlingFrames" name="handlingFrames" time="8.179"/>
  <testcase classname="com.atmecs.handling_frames.tests.HandlingFrames" name="handlingFrames" time="11.4"/>
</testsuite> <!-- Test -->
