<?xml version="1.0" encoding="UTF-8"?>
<!-- Generated by org.testng.reporters.JUnitXMLReporter -->
<testsuite ignored="0" hostname="ATMECSINLT-601" failures="6" tests="6" name="firefox" time="131.036" errors="0" timestamp="2020-10-05T16:06:07 IST">
  <testcase classname="com.atmecs.handling_frames.tests.HandlingFrames" name="handlingFrames" time="10.284">
    <failure type="java.lang.IllegalAccessError" message="class com.atmecs.handling_frames.pagehelper.HandlingFramesUsingJS (in unnamed module @0x294a22ab) cannot access class com.sun.tools.sjavac.Log (in module jdk.compiler) because module jdk.compiler does not export com.sun.tools.sjavac to unnamed module @0x294a22ab">
      <![CDATA[java.lang.IllegalAccessError: class com.atmecs.handling_frames.pagehelper.HandlingFramesUsingJS (in unnamed module @0x294a22ab) cannot access class com.sun.tools.sjavac.Log (in module jdk.compiler) because module jdk.compiler does not export com.sun.tools.sjavac to unnamed module @0x294a22ab
at com.atmecs.handling_frames.pagehelper.HandlingFramesUsingJS.handlingFrameAndClickChatIconTest(HandlingFramesUsingJS.java:37)
at com.atmecs.handling_frames.tests.HandlingFrames.handlingFrames(HandlingFrames.java:33)
at java.base/java.util.concurrent.ThreadPoolExecutor.runWorker(ThreadPoolExecutor.java:1130)
at java.base/java.util.concurrent.ThreadPoolExecutor$Worker.run(ThreadPoolExecutor.java:630)
at java.base/java.lang.Thread.run(Thread.java:832)
... Removed 12 stack frames]]>
    </failure>
  </testcase> <!-- handlingFrames -->
  <testcase classname="com.atmecs.handling_frames.tests.HandlingFrames" name="handlingFrames" time="9.721">
    <failure type="java.lang.IllegalAccessError" message="class com.atmecs.handling_frames.pagehelper.HandlingFramesUsingJS (in unnamed module @0x294a22ab) cannot access class com.sun.tools.sjavac.Log (in module jdk.compiler) because module jdk.compiler does not export com.sun.tools.sjavac to unnamed module @0x294a22ab">
      <![CDATA[java.lang.IllegalAccessError: class com.atmecs.handling_frames.pagehelper.HandlingFramesUsingJS (in unnamed module @0x294a22ab) cannot access class com.sun.tools.sjavac.Log (in module jdk.compiler) because module jdk.compiler does not export com.sun.tools.sjavac to unnamed module @0x294a22ab
at com.atmecs.handling_frames.pagehelper.HandlingFramesUsingJS.handlingFrameAndClickChatIconTest(HandlingFramesUsingJS.java:37)
at com.atmecs.handling_frames.tests.HandlingFrames.handlingFrames(HandlingFrames.java:33)
at java.base/java.util.concurrent.ThreadPoolExecutor.runWorker(ThreadPoolExecutor.java:1130)
at java.base/java.util.concurrent.ThreadPoolExecutor$Worker.run(ThreadPoolExecutor.java:630)
at java.base/java.lang.Thread.run(Thread.java:832)
... Removed 12 stack frames]]>
    </failure>
  </testcase> <!-- handlingFrames -->
  <testcase classname="com.atmecs.handling_frames.tests.HandlingFrames" name="handlingFrames" time="10.083">
    <failure type="java.lang.IllegalAccessError" message="class com.atmecs.handling_frames.pagehelper.HandlingFramesUsingJS (in unnamed module @0x294a22ab) cannot access class com.sun.tools.sjavac.Log (in module jdk.compiler) because module jdk.compiler does not export com.sun.tools.sjavac to unnamed module @0x294a22ab">
      <![CDATA[java.lang.IllegalAccessError: class com.atmecs.handling_frames.pagehelper.HandlingFramesUsingJS (in unnamed module @0x294a22ab) cannot access class com.sun.tools.sjavac.Log (in module jdk.compiler) because module jdk.compiler does not export com.sun.tools.sjavac to unnamed module @0x294a22ab
at com.atmecs.handling_frames.pagehelper.HandlingFramesUsingJS.handlingFrameAndClickChatIconTest(HandlingFramesUsingJS.java:37)
at com.atmecs.handling_frames.tests.HandlingFrames.handlingFrames(HandlingFrames.java:33)
at java.base/java.util.concurrent.ThreadPoolExecutor.runWorker(ThreadPoolExecutor.java:1130)
at java.base/java.util.concurrent.ThreadPoolExecutor$Worker.run(ThreadPoolExecutor.java:630)
at java.base/java.lang.Thread.run(Thread.java:832)
... Removed 12 stack frames]]>
    </failure>
  </testcase> <!-- handlingFrames -->
  <testcase classname="com.atmecs.handling_frames.tests.HandlingFrames" name="handlingFrames" time="10.568">
    <failure type="java.lang.IllegalAccessError" message="class com.atmecs.handling_frames.pagehelper.HandlingFramesUsingJS (in unnamed module @0x294a22ab) cannot access class com.sun.tools.sjavac.Log (in module jdk.compiler) because module jdk.compiler does not export com.sun.tools.sjavac to unnamed module @0x294a22ab">
      <![CDATA[java.lang.IllegalAccessError: class com.atmecs.handling_frames.pagehelper.HandlingFramesUsingJS (in unnamed module @0x294a22ab) cannot access class com.sun.tools.sjavac.Log (in module jdk.compiler) because module jdk.compiler does not export com.sun.tools.sjavac to unnamed module @0x294a22ab
at com.atmecs.handling_frames.pagehelper.HandlingFramesUsingJS.handlingFrameAndClickChatIconTest(HandlingFramesUsingJS.java:37)
at com.atmecs.handling_frames.tests.HandlingFrames.handlingFrames(HandlingFrames.java:33)
at java.base/java.util.concurrent.ThreadPoolExecutor.runWorker(ThreadPoolExecutor.java:1130)
at java.base/java.util.concurrent.ThreadPoolExecutor$Worker.run(ThreadPoolExecutor.java:630)
at java.base/java.lang.Thread.run(Thread.java:832)
... Removed 12 stack frames]]>
    </failure>
  </testcase> <!-- handlingFrames -->
  <testcase classname="com.atmecs.handling_frames.tests.HandlingFrames" name="handlingFrames" time="9.256">
    <failure type="java.lang.IllegalAccessError" message="class com.atmecs.handling_frames.pagehelper.HandlingFramesUsingJS (in unnamed module @0x294a22ab) cannot access class com.sun.tools.sjavac.Log (in module jdk.compiler) because module jdk.compiler does not export com.sun.tools.sjavac to unnamed module @0x294a22ab">
      <![CDATA[java.lang.IllegalAccessError: class com.atmecs.handling_frames.pagehelper.HandlingFramesUsingJS (in unnamed module @0x294a22ab) cannot access class com.sun.tools.sjavac.Log (in module jdk.compiler) because module jdk.compiler does not export com.sun.tools.sjavac to unnamed module @0x294a22ab
at com.atmecs.handling_frames.pagehelper.HandlingFramesUsingJS.handlingFrameAndClickChatIconTest(HandlingFramesUsingJS.java:37)
at com.atmecs.handling_frames.tests.HandlingFrames.handlingFrames(HandlingFrames.java:33)
at java.base/java.util.concurrent.ThreadPoolExecutor.runWorker(ThreadPoolExecutor.java:1130)
at java.base/java.util.concurrent.ThreadPoolExecutor$Worker.run(ThreadPoolExecutor.java:630)
at java.base/java.lang.Thread.run(Thread.java:832)
... Removed 12 stack frames]]>
    </failure>
  </testcase> <!-- handlingFrames -->
  <testcase classname="com.atmecs.handling_frames.tests.HandlingFrames" name="handlingFrames" time="10.832">
    <failure type="java.lang.IllegalAccessError" message="class com.atmecs.handling_frames.pagehelper.HandlingFramesUsingJS (in unnamed module @0x294a22ab) cannot access class com.sun.tools.sjavac.Log (in module jdk.compiler) because module jdk.compiler does not export com.sun.tools.sjavac to unnamed module @0x294a22ab">
      <![CDATA[java.lang.IllegalAccessError: class com.atmecs.handling_frames.pagehelper.HandlingFramesUsingJS (in unnamed module @0x294a22ab) cannot access class com.sun.tools.sjavac.Log (in module jdk.compiler) because module jdk.compiler does not export com.sun.tools.sjavac to unnamed module @0x294a22ab
at com.atmecs.handling_frames.pagehelper.HandlingFramesUsingJS.handlingFrameAndClickChatIconTest(HandlingFramesUsingJS.java:37)
at com.atmecs.handling_frames.tests.HandlingFrames.handlingFrames(HandlingFrames.java:33)
at java.base/java.util.concurrent.ThreadPoolExecutor.runWorker(ThreadPoolExecutor.java:1130)
at java.base/java.util.concurrent.ThreadPoolExecutor$Worker.run(ThreadPoolExecutor.java:630)
at java.base/java.lang.Thread.run(Thread.java:832)
... Removed 12 stack frames]]>
    </failure>
  </testcase> <!-- handlingFrames -->
</testsuite> <!-- firefox -->
