<?xml version="1.0" encoding="UTF-8"?>
<testng-results ignored="0" total="6" passed="6" failed="0" skipped="0">
  <reporter-output>
  </reporter-output>
  <suite started-at="2020-10-06T11:55:30 IST" name="Suite" finished-at="2020-10-06T11:57:17 IST" duration-ms="106257">
    <groups>
    </groups>
    <test started-at="2020-10-06T11:55:30 IST" name="Test" finished-at="2020-10-06T11:57:17 IST" duration-ms="106257">
      <class name="com.atmecs.handling_frames.tests.HandlingFrames">
        <test-method is-config="true" signature="beforeTest()[pri:0, instance:com.atmecs.handling_frames.tests.HandlingFrames@479cbee5]" started-at="2020-10-06T11:55:31 IST" name="beforeTest" finished-at="2020-10-06T11:55:40 IST" duration-ms="9165" status="PASS">
          <reporter-output>
          </reporter-output>
        </test-method> <!-- beforeTest -->
        <test-method signature="handlingFrames(java.lang.String, java.lang.String, java.lang.String)[pri:0, instance:com.atmecs.handling_frames.tests.HandlingFrames@479cbee5]" started-at="2020-10-06T11:55:40 IST" name="handlingFrames" data-provider="readData" finished-at="2020-10-06T11:55:50 IST" duration-ms="9484" status="PASS">
          <params>
            <param index="0">
              <value>
                <![CDATA[abc]]>
              </value>
            </param>
            <param index="1">
              <value>
                <![CDATA[8.574858756E9]]>
              </value>
            </param>
            <param index="2">
              <value>
                <![CDATA[abc@gmail.com]]>
              </value>
            </param>
          </params>
          <reporter-output>
          </reporter-output>
        </test-method> <!-- handlingFrames -->
        <test-method is-config="true" signature="afterTest()[pri:0, instance:com.atmecs.handling_frames.tests.HandlingFrames@479cbee5]" started-at="2020-10-06T11:55:50 IST" name="afterTest" finished-at="2020-10-06T11:55:50 IST" duration-ms="329" status="PASS">
          <reporter-output>
          </reporter-output>
        </test-method> <!-- afterTest -->
        <test-method is-config="true" signature="beforeTest()[pri:0, instance:com.atmecs.handling_frames.tests.HandlingFrames@479cbee5]" started-at="2020-10-06T11:55:50 IST" name="beforeTest" finished-at="2020-10-06T11:55:58 IST" duration-ms="8167" status="PASS">
          <reporter-output>
          </reporter-output>
        </test-method> <!-- beforeTest -->
        <test-method signature="handlingFrames(java.lang.String, java.lang.String, java.lang.String)[pri:0, instance:com.atmecs.handling_frames.tests.HandlingFrames@479cbee5]" started-at="2020-10-06T11:55:58 IST" name="handlingFrames" data-provider="readData" finished-at="2020-10-06T11:56:07 IST" duration-ms="8773" status="PASS">
          <params>
            <param index="0">
              <value>
                <![CDATA[def]]>
              </value>
            </param>
            <param index="1">
              <value>
                <![CDATA[8.745849845E9]]>
              </value>
            </param>
            <param index="2">
              <value>
                <![CDATA[def@gmail.com]]>
              </value>
            </param>
          </params>
          <reporter-output>
          </reporter-output>
        </test-method> <!-- handlingFrames -->
        <test-method is-config="true" signature="afterTest()[pri:0, instance:com.atmecs.handling_frames.tests.HandlingFrames@479cbee5]" started-at="2020-10-06T11:56:07 IST" name="afterTest" finished-at="2020-10-06T11:56:07 IST" duration-ms="323" status="PASS">
          <reporter-output>
          </reporter-output>
        </test-method> <!-- afterTest -->
        <test-method is-config="true" signature="beforeTest()[pri:0, instance:com.atmecs.handling_frames.tests.HandlingFrames@479cbee5]" started-at="2020-10-06T11:56:07 IST" name="beforeTest" finished-at="2020-10-06T11:56:17 IST" duration-ms="9615" status="PASS">
          <reporter-output>
          </reporter-output>
        </test-method> <!-- beforeTest -->
        <test-method signature="handlingFrames(java.lang.String, java.lang.String, java.lang.String)[pri:0, instance:com.atmecs.handling_frames.tests.HandlingFrames@479cbee5]" started-at="2020-10-06T11:56:17 IST" name="handlingFrames" data-provider="readData" finished-at="2020-10-06T11:56:25 IST" duration-ms="8703" status="PASS">
          <params>
            <param index="0">
              <value>
                <![CDATA[dhf]]>
              </value>
            </param>
            <param index="1">
              <value>
                <![CDATA[9.848734788E9]]>
              </value>
            </param>
            <param index="2">
              <value>
                <![CDATA[dhf@gmail.com]]>
              </value>
            </param>
          </params>
          <reporter-output>
          </reporter-output>
        </test-method> <!-- handlingFrames -->
        <test-method is-config="true" signature="afterTest()[pri:0, instance:com.atmecs.handling_frames.tests.HandlingFrames@479cbee5]" started-at="2020-10-06T11:56:25 IST" name="afterTest" finished-at="2020-10-06T11:56:26 IST" duration-ms="207" status="PASS">
          <reporter-output>
          </reporter-output>
        </test-method> <!-- afterTest -->
        <test-method is-config="true" signature="beforeTest()[pri:0, instance:com.atmecs.handling_frames.tests.HandlingFrames@479cbee5]" started-at="2020-10-06T11:56:26 IST" name="beforeTest" finished-at="2020-10-06T11:56:34 IST" duration-ms="8333" status="PASS">
          <reporter-output>
          </reporter-output>
        </test-method> <!-- beforeTest -->
        <test-method signature="handlingFrames(java.lang.String, java.lang.String, java.lang.String)[pri:0, instance:com.atmecs.handling_frames.tests.HandlingFrames@479cbee5]" started-at="2020-10-06T11:56:34 IST" name="handlingFrames" data-provider="readData" finished-at="2020-10-06T11:56:43 IST" duration-ms="8892" status="PASS">
          <params>
            <param index="0">
              <value>
                <![CDATA[bnm]]>
              </value>
            </param>
            <param index="1">
              <value>
                <![CDATA[9.845739743E9]]>
              </value>
            </param>
            <param index="2">
              <value>
                <![CDATA[bnm@gmail.com]]>
              </value>
            </param>
          </params>
          <reporter-output>
          </reporter-output>
        </test-method> <!-- handlingFrames -->
        <test-method is-config="true" signature="afterTest()[pri:0, instance:com.atmecs.handling_frames.tests.HandlingFrames@479cbee5]" started-at="2020-10-06T11:56:43 IST" name="afterTest" finished-at="2020-10-06T11:56:43 IST" duration-ms="234" status="PASS">
          <reporter-output>
          </reporter-output>
        </test-method> <!-- afterTest -->
        <test-method is-config="true" signature="beforeTest()[pri:0, instance:com.atmecs.handling_frames.tests.HandlingFrames@479cbee5]" started-at="2020-10-06T11:56:43 IST" name="beforeTest" finished-at="2020-10-06T11:56:51 IST" duration-ms="7810" status="PASS">
          <reporter-output>
          </reporter-output>
        </test-method> <!-- beforeTest -->
        <test-method signature="handlingFrames(java.lang.String, java.lang.String, java.lang.String)[pri:0, instance:com.atmecs.handling_frames.tests.HandlingFrames@479cbee5]" started-at="2020-10-06T11:56:51 IST" name="handlingFrames" data-provider="readData" finished-at="2020-10-06T11:57:00 IST" duration-ms="8972" status="PASS">
          <params>
            <param index="0">
              <value>
                <![CDATA[klj]]>
              </value>
            </param>
            <param index="1">
              <value>
                <![CDATA[9.485398389E9]]>
              </value>
            </param>
            <param index="2">
              <value>
                <![CDATA[kjl@gmail.com]]>
              </value>
            </param>
          </params>
          <reporter-output>
          </reporter-output>
        </test-method> <!-- handlingFrames -->
        <test-method is-config="true" signature="afterTest()[pri:0, instance:com.atmecs.handling_frames.tests.HandlingFrames@479cbee5]" started-at="2020-10-06T11:57:00 IST" name="afterTest" finished-at="2020-10-06T11:57:00 IST" duration-ms="213" status="PASS">
          <reporter-output>
          </reporter-output>
        </test-method> <!-- afterTest -->
        <test-method is-config="true" signature="beforeTest()[pri:0, instance:com.atmecs.handling_frames.tests.HandlingFrames@479cbee5]" started-at="2020-10-06T11:57:00 IST" name="beforeTest" finished-at="2020-10-06T11:57:08 IST" duration-ms="8332" status="PASS">
          <reporter-output>
          </reporter-output>
        </test-method> <!-- beforeTest -->
        <test-method signature="handlingFrames(java.lang.String, java.lang.String, java.lang.String)[pri:0, instance:com.atmecs.handling_frames.tests.HandlingFrames@479cbee5]" started-at="2020-10-06T11:57:08 IST" name="handlingFrames" data-provider="readData" finished-at="2020-10-06T11:57:16 IST" duration-ms="7842" status="PASS">
          <params>
            <param index="0">
              <value>
                <![CDATA[jhg]]>
              </value>
            </param>
            <param index="1">
              <value>
                <![CDATA[8.767658687E9]]>
              </value>
            </param>
            <param index="2">
              <value>
                <![CDATA[jhg@gmail.com]]>
              </value>
            </param>
          </params>
          <reporter-output>
          </reporter-output>
        </test-method> <!-- handlingFrames -->
        <test-method is-config="true" signature="afterTest()[pri:0, instance:com.atmecs.handling_frames.tests.HandlingFrames@479cbee5]" started-at="2020-10-06T11:57:16 IST" name="afterTest" finished-at="2020-10-06T11:57:17 IST" duration-ms="231" status="PASS">
          <reporter-output>
          </reporter-output>
        </test-method> <!-- afterTest -->
      </class> <!-- com.atmecs.handling_frames.tests.HandlingFrames -->
    </test> <!-- Test -->
  </suite> <!-- Suite -->
</testng-results>
