<?xml version="1.0" encoding="UTF-8"?>
<testng-results ignored="0" total="6" passed="6" failed="0" skipped="0">
  <reporter-output>
  </reporter-output>
  <suite started-at="2020-10-05T11:20:55 IST" name="Suite" finished-at="2020-10-05T11:22:38 IST" duration-ms="103519">
    <groups>
    </groups>
    <test started-at="2020-10-05T11:20:55 IST" name="Test" finished-at="2020-10-05T11:22:38 IST" duration-ms="103519">
      <class name="com.atmecs.handling_frames.tests.HandlingFrames">
        <test-method is-config="true" signature="beforeTest()[pri:0, instance:com.atmecs.handling_frames.tests.HandlingFrames@3e3047e6]" started-at="2020-10-05T11:20:55 IST" name="beforeTest" finished-at="2020-10-05T11:21:05 IST" duration-ms="9438" status="PASS">
          <reporter-output>
          </reporter-output>
        </test-method> <!-- beforeTest -->
        <test-method signature="handlingFrames(java.lang.String, java.lang.String, java.lang.String)[pri:0, instance:com.atmecs.handling_frames.tests.HandlingFrames@3e3047e6]" started-at="2020-10-05T11:21:05 IST" name="handlingFrames" data-provider="readData" finished-at="2020-10-05T11:21:13 IST" duration-ms="7789" status="PASS">
          <params>
            <param index="0">
              <value>
                <![CDATA[abc]]>
              </value>
            </param>
            <param index="1">
              <value>
                <![CDATA[8.574858756E9]]>
              </value>
            </param>
            <param index="2">
              <value>
                <![CDATA[abc@gmail.com]]>
              </value>
            </param>
          </params>
          <reporter-output>
          </reporter-output>
        </test-method> <!-- handlingFrames -->
        <test-method is-config="true" signature="afterTest()[pri:0, instance:com.atmecs.handling_frames.tests.HandlingFrames@3e3047e6]" started-at="2020-10-05T11:21:13 IST" name="afterTest" finished-at="2020-10-05T11:21:13 IST" duration-ms="266" status="PASS">
          <reporter-output>
          </reporter-output>
        </test-method> <!-- afterTest -->
        <test-method is-config="true" signature="beforeTest()[pri:0, instance:com.atmecs.handling_frames.tests.HandlingFrames@3e3047e6]" started-at="2020-10-05T11:21:13 IST" name="beforeTest" finished-at="2020-10-05T11:21:21 IST" duration-ms="8004" status="PASS">
          <reporter-output>
          </reporter-output>
        </test-method> <!-- beforeTest -->
        <test-method signature="handlingFrames(java.lang.String, java.lang.String, java.lang.String)[pri:0, instance:com.atmecs.handling_frames.tests.HandlingFrames@3e3047e6]" started-at="2020-10-05T11:21:21 IST" name="handlingFrames" data-provider="readData" finished-at="2020-10-05T11:21:29 IST" duration-ms="7910" status="PASS">
          <params>
            <param index="0">
              <value>
                <![CDATA[def]]>
              </value>
            </param>
            <param index="1">
              <value>
                <![CDATA[8.745849845E9]]>
              </value>
            </param>
            <param index="2">
              <value>
                <![CDATA[def@gmail.com]]>
              </value>
            </param>
          </params>
          <reporter-output>
          </reporter-output>
        </test-method> <!-- handlingFrames -->
        <test-method is-config="true" signature="afterTest()[pri:0, instance:com.atmecs.handling_frames.tests.HandlingFrames@3e3047e6]" started-at="2020-10-05T11:21:29 IST" name="afterTest" finished-at="2020-10-05T11:21:29 IST" duration-ms="262" status="PASS">
          <reporter-output>
          </reporter-output>
        </test-method> <!-- afterTest -->
        <test-method is-config="true" signature="beforeTest()[pri:0, instance:com.atmecs.handling_frames.tests.HandlingFrames@3e3047e6]" started-at="2020-10-05T11:21:29 IST" name="beforeTest" finished-at="2020-10-05T11:21:37 IST" duration-ms="7933" status="PASS">
          <reporter-output>
          </reporter-output>
        </test-method> <!-- beforeTest -->
        <test-method signature="handlingFrames(java.lang.String, java.lang.String, java.lang.String)[pri:0, instance:com.atmecs.handling_frames.tests.HandlingFrames@3e3047e6]" started-at="2020-10-05T11:21:37 IST" name="handlingFrames" data-provider="readData" finished-at="2020-10-05T11:21:46 IST" duration-ms="8872" status="PASS">
          <params>
            <param index="0">
              <value>
                <![CDATA[dhf]]>
              </value>
            </param>
            <param index="1">
              <value>
                <![CDATA[9.848734788E9]]>
              </value>
            </param>
            <param index="2">
              <value>
                <![CDATA[dhf@gmail.com]]>
              </value>
            </param>
          </params>
          <reporter-output>
          </reporter-output>
        </test-method> <!-- handlingFrames -->
        <test-method is-config="true" signature="afterTest()[pri:0, instance:com.atmecs.handling_frames.tests.HandlingFrames@3e3047e6]" started-at="2020-10-05T11:21:46 IST" name="afterTest" finished-at="2020-10-05T11:21:46 IST" duration-ms="597" status="PASS">
          <reporter-output>
          </reporter-output>
        </test-method> <!-- afterTest -->
        <test-method is-config="true" signature="beforeTest()[pri:0, instance:com.atmecs.handling_frames.tests.HandlingFrames@3e3047e6]" started-at="2020-10-05T11:21:46 IST" name="beforeTest" finished-at="2020-10-05T11:21:55 IST" duration-ms="8164" status="PASS">
          <reporter-output>
          </reporter-output>
        </test-method> <!-- beforeTest -->
        <test-method signature="handlingFrames(java.lang.String, java.lang.String, java.lang.String)[pri:0, instance:com.atmecs.handling_frames.tests.HandlingFrames@3e3047e6]" started-at="2020-10-05T11:21:55 IST" name="handlingFrames" data-provider="readData" finished-at="2020-10-05T11:22:04 IST" duration-ms="9385" status="PASS">
          <params>
            <param index="0">
              <value>
                <![CDATA[bnm]]>
              </value>
            </param>
            <param index="1">
              <value>
                <![CDATA[9.845739743E9]]>
              </value>
            </param>
            <param index="2">
              <value>
                <![CDATA[bnm@gmail.com]]>
              </value>
            </param>
          </params>
          <reporter-output>
          </reporter-output>
        </test-method> <!-- handlingFrames -->
        <test-method is-config="true" signature="afterTest()[pri:0, instance:com.atmecs.handling_frames.tests.HandlingFrames@3e3047e6]" started-at="2020-10-05T11:22:04 IST" name="afterTest" finished-at="2020-10-05T11:22:04 IST" duration-ms="511" status="PASS">
          <reporter-output>
          </reporter-output>
        </test-method> <!-- afterTest -->
        <test-method is-config="true" signature="beforeTest()[pri:0, instance:com.atmecs.handling_frames.tests.HandlingFrames@3e3047e6]" started-at="2020-10-05T11:22:04 IST" name="beforeTest" finished-at="2020-10-05T11:22:13 IST" duration-ms="8100" status="PASS">
          <reporter-output>
          </reporter-output>
        </test-method> <!-- beforeTest -->
        <test-method signature="handlingFrames(java.lang.String, java.lang.String, java.lang.String)[pri:0, instance:com.atmecs.handling_frames.tests.HandlingFrames@3e3047e6]" started-at="2020-10-05T11:22:13 IST" name="handlingFrames" data-provider="readData" finished-at="2020-10-05T11:22:21 IST" duration-ms="8784" status="PASS">
          <params>
            <param index="0">
              <value>
                <![CDATA[klj]]>
              </value>
            </param>
            <param index="1">
              <value>
                <![CDATA[9.485398389E9]]>
              </value>
            </param>
            <param index="2">
              <value>
                <![CDATA[kjl@gmail.com]]>
              </value>
            </param>
          </params>
          <reporter-output>
          </reporter-output>
        </test-method> <!-- handlingFrames -->
        <test-method is-config="true" signature="afterTest()[pri:0, instance:com.atmecs.handling_frames.tests.HandlingFrames@3e3047e6]" started-at="2020-10-05T11:22:21 IST" name="afterTest" finished-at="2020-10-05T11:22:22 IST" duration-ms="287" status="PASS">
          <reporter-output>
          </reporter-output>
        </test-method> <!-- afterTest -->
        <test-method is-config="true" signature="beforeTest()[pri:0, instance:com.atmecs.handling_frames.tests.HandlingFrames@3e3047e6]" started-at="2020-10-05T11:22:22 IST" name="beforeTest" finished-at="2020-10-05T11:22:30 IST" duration-ms="8047" status="PASS">
          <reporter-output>
          </reporter-output>
        </test-method> <!-- beforeTest -->
        <test-method signature="handlingFrames(java.lang.String, java.lang.String, java.lang.String)[pri:0, instance:com.atmecs.handling_frames.tests.HandlingFrames@3e3047e6]" started-at="2020-10-05T11:22:30 IST" name="handlingFrames" data-provider="readData" finished-at="2020-10-05T11:22:38 IST" duration-ms="8176" status="PASS">
          <params>
            <param index="0">
              <value>
                <![CDATA[jhg]]>
              </value>
            </param>
            <param index="1">
              <value>
                <![CDATA[8.767658687E9]]>
              </value>
            </param>
            <param index="2">
              <value>
                <![CDATA[jhg@gmail.com]]>
              </value>
            </param>
          </params>
          <reporter-output>
          </reporter-output>
        </test-method> <!-- handlingFrames -->
        <test-method is-config="true" signature="afterTest()[pri:0, instance:com.atmecs.handling_frames.tests.HandlingFrames@3e3047e6]" started-at="2020-10-05T11:22:38 IST" name="afterTest" finished-at="2020-10-05T11:22:38 IST" duration-ms="260" status="PASS">
          <reporter-output>
          </reporter-output>
        </test-method> <!-- afterTest -->
      </class> <!-- com.atmecs.handling_frames.tests.HandlingFrames -->
    </test> <!-- Test -->
  </suite> <!-- Suite -->
</testng-results>
